生成启动时间为 2014/11/11 1:03:50。
     1>项目“E:\Q.S.LEE\C++_Workspace\BSpline\BSpline\BSpline.vcxproj”在节点 2 上(rebuild 个目标)。
     1>_PrepareForClean:
         正在删除文件“Release\BSpline.lastbuildstate”。
       InitializeBuildStatus:
         正在创建“Release\BSpline.unsuccessfulbuild”，因为已指定“AlwaysCreate”。
       ClCompile:
         f:\Program Files\Microsoft Visual Studio 10.0\VC\bin\CL.exe /c /Zi /nologo /W3 /WX- /O2 /Oi /Oy- /GL /D WIN32 /D NDEBUG /D _CONSOLE /D _UNICODE /D UNICODE /Gm- /EHsc /MD /GS /Gy /fp:precise /Zc:wchar_t /Zc:forScope /Fo"Release\\" /Fd"Release\vc100.pdb" /Gd /TP /analyze- /errorReport:prompt ..\src\spline.cpp ..\src\spline_prb.cpp
         spline.cpp
     1>..\src\spline.cpp(952): warning C4101: “temp”: 未引用的局部变量
     1>..\src\spline.cpp(6536): warning C4996: 'localtime': This function or variable may be unsafe. Consider using localtime_s instead. To disable deprecation, use _CRT_SECURE_NO_WARNINGS. See online help for details.
                 f:\Program Files\Microsoft Visual Studio 10.0\VC\include\time.inl(112) : 参见“localtime”的声明
         spline_prb.cpp
     1>..\src\spline_prb.cpp(508): warning C4101: “i”: 未引用的局部变量
     1>..\src\spline_prb.cpp(723): warning C4554: “&”: 检查运算符优先级可能存在的错误；使用圆括号阐明优先级
     1>..\src\spline_prb.cpp(829): warning C4554: “&”: 检查运算符优先级可能存在的错误；使用圆括号阐明优先级
     1>..\src\spline_prb.cpp(889): warning C4554: “&”: 检查运算符优先级可能存在的错误；使用圆括号阐明优先级
     1>..\src\spline_prb.cpp(950): warning C4554: “&”: 检查运算符优先级可能存在的错误；使用圆括号阐明优先级
     1>..\src\spline_prb.cpp(1065): warning C4554: “&”: 检查运算符优先级可能存在的错误；使用圆括号阐明优先级
     1>..\src\spline_prb.cpp(1195): warning C4554: “&”: 检查运算符优先级可能存在的错误；使用圆括号阐明优先级
     1>..\src\spline_prb.cpp(1272): warning C4554: “&”: 检查运算符优先级可能存在的错误；使用圆括号阐明优先级
     1>..\src\spline_prb.cpp(1349): warning C4554: “&”: 检查运算符优先级可能存在的错误；使用圆括号阐明优先级
     1>..\src\spline_prb.cpp(1468): warning C4554: “&”: 检查运算符优先级可能存在的错误；使用圆括号阐明优先级
     1>..\src\spline_prb.cpp(1587): warning C4554: “&”: 检查运算符优先级可能存在的错误；使用圆括号阐明优先级
     1>..\src\spline_prb.cpp(1710): warning C4554: “&”: 检查运算符优先级可能存在的错误；使用圆括号阐明优先级
     1>..\src\spline_prb.cpp(1853): warning C4554: “&”: 检查运算符优先级可能存在的错误；使用圆括号阐明优先级
     1>..\src\spline_prb.cpp(1938): warning C4554: “&”: 检查运算符优先级可能存在的错误；使用圆括号阐明优先级
     1>..\src\spline_prb.cpp(2023): warning C4554: “&”: 检查运算符优先级可能存在的错误；使用圆括号阐明优先级
     1>..\src\spline_prb.cpp(2166): warning C4554: “&”: 检查运算符优先级可能存在的错误；使用圆括号阐明优先级
     1>..\src\spline_prb.cpp(2256): warning C4554: “&”: 检查运算符优先级可能存在的错误；使用圆括号阐明优先级
     1>..\src\spline_prb.cpp(4869): warning C4554: “&”: 检查运算符优先级可能存在的错误；使用圆括号阐明优先级
     1>..\src\spline_prb.cpp(4994): warning C4554: “&”: 检查运算符优先级可能存在的错误；使用圆括号阐明优先级
     1>..\src\spline_prb.cpp(5134): warning C4101: “fd”: 未引用的局部变量
       Link:
         f:\Program Files\Microsoft Visual Studio 10.0\VC\bin\link.exe /ERRORREPORT:PROMPT /OUT:"E:\Q.S.LEE\C++_Workspace\BSpline\Release\BSpline.exe" /INCREMENTAL:NO /NOLOGO kernel32.lib user32.lib gdi32.lib winspool.lib comdlg32.lib advapi32.lib shell32.lib ole32.lib oleaut32.lib uuid.lib odbc32.lib odbccp32.lib /MANIFEST /ManifestFile:"Release\BSpline.exe.intermediate.manifest" /MANIFESTUAC:"level='asInvoker' uiAccess='false'" /DEBUG /PDB:"E:\Q.S.LEE\C++_Workspace\BSpline\Release\BSpline.pdb" /SUBSYSTEM:CONSOLE /OPT:REF /OPT:ICF /LTCG /TLBID:1 /DYNAMICBASE /NXCOMPAT /IMPLIB:"E:\Q.S.LEE\C++_Workspace\BSpline\Release\BSpline.lib" /MACHINE:X86 Release\spline.obj
         Release\spline_prb.obj
         正在生成代码
         已完成代码的生成
         BSpline.vcxproj -> E:\Q.S.LEE\C++_Workspace\BSpline\Release\BSpline.exe
       Manifest:
         F:\Program Files\Microsoft SDKs\Windows\v7.0A\bin\mt.exe /nologo /verbose /outputresource:"E:\Q.S.LEE\C++_Workspace\BSpline\Release\BSpline.exe;#1" /manifest Release\BSpline.exe.intermediate.manifest
       FinalizeBuildStatus:
         正在删除文件“Release\BSpline.unsuccessfulbuild”。
         正在对“Release\BSpline.lastbuildstate”执行 Touch 任务。
     1>已完成生成项目“E:\Q.S.LEE\C++_Workspace\BSpline\BSpline\BSpline.vcxproj”(rebuild 个目标)的操作。

生成成功。

已用时间 00:00:02.45
